CREDIT.PHP
----------------------------
DATE: 2019-11-27 03:06:03
DATA: 
Array
(
    [orderNumber] => 3093_3234_1574812958
    [mdOrder] => ee1e2fa1-3cf4-745e-8ce4-cbee01daecd5
    [ORDER_ID] => 3093
    [PAYMENT_ID] => 3234
    [PAYMENT] => RBS_CREDIT
)



CREDIT.PHP
----------------------------
DATE: 2020-02-06 14:40:51
DATA: 
Array
(
    [orderNumber] => 3214_3355_1580902648
    [mdOrder] => 9a62f9e3-5e17-7649-a19b-0f1f01daecd5
    [ORDER_ID] => 3214
    [PAYMENT_ID] => 3355
    [PAYMENT] => RBS_CREDIT
)



CREDIT.PHP
----------------------------
DATE: 2020-02-08 21:20:35
DATA: 
Array
(
    [orderNumber] => 3217_3358_1581099493
    [mdOrder] => 5f3f9a07-2dfb-76be-beb7-f95501daecd5
    [ORDER_ID] => 3217
    [PAYMENT_ID] => 3358
    [PAYMENT] => RBS_CREDIT
)



CREDIT.PHP
----------------------------
DATE: 2020-03-17 06:10:44
DATA: 
Array
(
    [orderNumber] => 3334_3475_1584414181
    [mdOrder] => 8d5b6e2f-4ae7-7f8f-8474-763501daecd5
    [ORDER_ID] => 3334
    [PAYMENT_ID] => 3475
    [PAYMENT] => RBS_CREDIT
)



CREDIT.PHP
----------------------------
DATE: 2020-03-18 03:22:09
DATA: 
Array
(
    [orderNumber] => 3340_3481_1584490297
    [mdOrder] => 948caab2-37a8-7aaf-83f9-5c9401daecd5
    [ORDER_ID] => 3340
    [PAYMENT_ID] => 3481
    [PAYMENT] => RBS_CREDIT
)



CREDIT.PHP
----------------------------
DATE: 2020-03-21 12:36:07
DATA: 
Array
(
    [orderNumber] => 3367_3508_1584783004
    [mdOrder] => 642121b8-e8b5-78bf-aa68-910101daecd5
    [ORDER_ID] => 3367
    [PAYMENT_ID] => 3508
    [PAYMENT] => RBS_CREDIT
)



CREDIT.PHP
----------------------------
DATE: 2020-03-24 10:58:42
DATA: 
Array
(
    [orderNumber] => 3387_3528_1585036005
    [mdOrder] => 1691e3b0-4c04-768c-a11e-f86101daecd5
    [ORDER_ID] => 3387
    [PAYMENT_ID] => 3528
    [PAYMENT] => RBS_CREDIT
)



CREDIT.PHP
----------------------------
DATE: 2020-03-25 10:46:06
DATA: 
Array
(
    [orderNumber] => 3387_3528_1585035667
    [mdOrder] => ec2b3054-9c79-7b9c-9510-f20901daecd5
    [ORDER_ID] => 3387
    [PAYMENT_ID] => 3528
    [PAYMENT] => RBS_CREDIT
)



CREDIT.PHP
----------------------------
DATE: 2020-03-25 16:46:03
DATA: 
Array
(
    [orderNumber] => 3393_3534_1585057320
    [mdOrder] => 3ee54f1a-fa35-7f24-bf56-fdfb01daecd5
    [ORDER_ID] => 3393
    [PAYMENT_ID] => 3534
    [PAYMENT] => RBS_CREDIT
)



CREDIT.PHP
----------------------------
DATE: 2020-03-30 06:27:05
DATA: 
Array
(
    [orderNumber] => 3422_3563_1585537636
    [mdOrder] => 839fd085-b00f-7b95-9d4d-e18701daecd5
    [ORDER_ID] => 3422
    [PAYMENT_ID] => 3563
    [PAYMENT] => RBS_CREDIT
)



CREDIT.PHP
----------------------------
DATE: 2020-03-30 06:51:12
DATA: 
Array
(
    [orderNumber] => 3423_3564_1585539327
    [mdOrder] => 7d7389c3-1e64-7a52-820d-f64701daecd5
    [ORDER_ID] => 3423
    [PAYMENT_ID] => 3564
    [PAYMENT] => RBS_CREDIT
)



CREDIT.PHP
----------------------------
DATE: 2020-04-03 04:30:11
DATA: 
Array
(
    [orderNumber] => 3446_3587_1585791004
    [mdOrder] => e74cd8e9-3534-7d72-8f98-79b201daecd5
    [ORDER_ID] => 3446
    [PAYMENT_ID] => 3587
    [PAYMENT] => RBS_CREDIT
)



CREDIT.PHP
----------------------------
DATE: 2020-04-03 11:30:30
DATA: 
Array
(
    [orderNumber] => 3458_3599_1585901524
    [mdOrder] => 42750462-6207-7be0-aba3-164d01daecd5
    [ORDER_ID] => 3458
    [PAYMENT_ID] => 3599
    [PAYMENT] => RBS_CREDIT
)



CREDIT.PHP
----------------------------
DATE: 2020-04-08 14:16:09
DATA: 
Array
(
    [orderNumber] => 3491_3632_1586249827
    [mdOrder] => 3c01b292-727b-73ed-b261-db7001daecd5
    [ORDER_ID] => 3491
    [PAYMENT_ID] => 3632
    [PAYMENT] => RBS_CREDIT
)



CREDIT.PHP
----------------------------
DATE: 2020-04-17 11:16:08
DATA: 
Array
(
    [orderNumber] => 3576_3717_1587024762
    [mdOrder] => 382fb2c3-199b-77b2-a402-bb8501daecd5
    [ORDER_ID] => 3576
    [PAYMENT_ID] => 3717
    [PAYMENT] => RBS_CREDIT
)



CREDIT.PHP
----------------------------
DATE: 2020-04-21 21:30:55
DATA: 
Array
(
    [orderNumber] => 3602_3743_1587388133
    [mdOrder] => 135e129d-fef0-7813-b45d-e24901daecd5
    [ORDER_ID] => 3602
    [PAYMENT_ID] => 3743
    [PAYMENT] => RBS_CREDIT
)



CREDIT.PHP
----------------------------
DATE: 2020-04-24 22:26:28
DATA: 
Array
(
    [orderNumber] => 3626_3767_1587644475
    [mdOrder] => 8880379b-6293-7d69-82b6-8dc001daecd5
    [ORDER_ID] => 3626
    [PAYMENT_ID] => 3767
    [PAYMENT] => RBS_CREDIT
)



CREDIT.PHP
----------------------------
DATE: 2020-04-25 02:13:09
DATA: 
Array
(
    [orderNumber] => 3636_3777_1587768401
    [mdOrder] => 8b3b5626-24ab-74a2-98c0-99fa01daecd5
    [ORDER_ID] => 3636
    [PAYMENT_ID] => 3777
    [PAYMENT] => RBS_CREDIT
)



CREDIT.PHP
----------------------------
DATE: 2020-04-25 03:20:38
DATA: 
Array
(
    [orderNumber] => 3639_3780_1587772830
    [mdOrder] => 20755480-3bc4-7985-838a-aac601daecd5
    [ORDER_ID] => 3639
    [PAYMENT_ID] => 3780
    [PAYMENT] => RBS_CREDIT
)



CREDIT.PHP
----------------------------
DATE: 2020-04-25 05:40:33
DATA: 
Array
(
    [orderNumber] => 3631_3772_1587695842
    [mdOrder] => a71df839-493e-7e3c-b280-e6d601daecd5
    [ORDER_ID] => 3631
    [PAYMENT_ID] => 3772
    [PAYMENT] => RBS_CREDIT
)



CREDIT.PHP
----------------------------
DATE: 2020-04-28 17:27:54
DATA: 
Array
(
    [orderNumber] => 3673_3814_1588083917
    [mdOrder] => a03233c5-6bac-76e8-9922-1caa01daecd5
    [ORDER_ID] => 3673
    [PAYMENT_ID] => 3814
    [PAYMENT] => RBS_CREDIT
)



CREDIT.PHP
----------------------------
DATE: 2020-04-29 00:05:27
DATA: 
Array
(
    [orderNumber] => 3674_3815_1588107730
    [mdOrder] => 982d92d7-5345-7bab-822a-d0c201daecd5
    [ORDER_ID] => 3674
    [PAYMENT_ID] => 3815
    [PAYMENT] => RBS_CREDIT
)



CREDIT.PHP
----------------------------
DATE: 2020-04-30 13:53:17
DATA: 
Array
(
    [orderNumber] => 3688_3829_1588243731
    [mdOrder] => 27c8a23e-2874-7ebd-80dd-b12501daecd5
    [ORDER_ID] => 3688
    [PAYMENT_ID] => 3829
    [PAYMENT] => RBS_CREDIT
)



CREDIT.PHP
----------------------------
DATE: 2020-04-30 13:56:37
DATA: 
Array
(
    [orderNumber] => 3688_3829_1588243731
    [mdOrder] => 27c8a23e-2874-7ebd-80dd-b12501daecd5
    [ORDER_ID] => 3688
    [PAYMENT_ID] => 3829
    [PAYMENT] => RBS_CREDIT
)



CREDIT.PHP
----------------------------
DATE: 2020-05-07 16:57:53
DATA: 
Array
(
    [orderNumber] => 3735_3876_1588859456
    [mdOrder] => 6ecae59b-32dc-7c6e-9571-d84301daecd5
    [ORDER_ID] => 3735
    [PAYMENT_ID] => 3876
    [PAYMENT] => RBS_CREDIT
)



CREDIT.PHP
----------------------------
DATE: 2020-05-13 23:16:18
DATA: 
Array
(
    [orderNumber] => 3771_3912_1589295251
    [mdOrder] => 36c940f0-8a6c-76f3-8915-4d8201daecd5
    [ORDER_ID] => 3771
    [PAYMENT_ID] => 3912
    [PAYMENT] => RBS_CREDIT
)



CREDIT.PHP
----------------------------
DATE: 2020-05-18 04:19:42
DATA: 
Array
(
    [orderNumber] => 3801_3942_1589678380
    [mdOrder] => 15885930-fba7-781f-8609-525c01daecd5
    [ORDER_ID] => 3801
    [PAYMENT_ID] => 3942
    [PAYMENT] => RBS_CREDIT
)



CREDIT.PHP
----------------------------
DATE: 2020-05-20 17:19:05
DATA: 
Array
(
    [orderNumber] => 3830_3971_1589984206
    [mdOrder] => aa830a00-d947-74a5-9b1a-a12a01daecd5
    [ORDER_ID] => 3830
    [PAYMENT_ID] => 3971
    [PAYMENT] => RBS_CREDIT
)



CREDIT.PHP
----------------------------
DATE: 2020-05-25 08:59:11
DATA: 
Array
(
    [orderNumber] => 3845_3986_1590384899
    [mdOrder] => 376d3208-72f8-7ef1-91a5-b64001daecd5
    [ORDER_ID] => 3845
    [PAYMENT_ID] => 3986
    [PAYMENT] => RBS_CREDIT
)



CREDIT.PHP
----------------------------
DATE: 2020-05-26 07:25:44
DATA: 
Array
(
    [orderNumber] => 3853_3994_1590466670
    [mdOrder] => a8c9cdd4-5c15-7cf2-ad8b-5d2101daecd5
    [ORDER_ID] => 3853
    [PAYMENT_ID] => 3994
    [PAYMENT] => RBS_CREDIT
)



CREDIT.PHP
----------------------------
DATE: 2020-05-26 07:28:46
DATA: 
Array
(
    [orderNumber] => 3853_3994_1590467237
    [mdOrder] => d6bdb6c6-d207-799a-a611-575e01daecd5
    [ORDER_ID] => 3853
    [PAYMENT_ID] => 3994
    [PAYMENT] => RBS_CREDIT
)



CREDIT.PHP
----------------------------
DATE: 2020-05-26 11:10:29
DATA: 
Array
(
    [orderNumber] => 3858_3999_1590479227
    [mdOrder] => bac3ca94-bc07-77cb-a42d-c48101daecd5
    [ORDER_ID] => 3858
    [PAYMENT_ID] => 3999
    [PAYMENT] => RBS_CREDIT
)



CREDIT.PHP
----------------------------
DATE: 2020-05-27 16:17:29
DATA: 
Array
(
    [orderNumber] => 3862_4003_1590585188
    [mdOrder] => dbada105-3bb8-7304-8cb8-c14901daecd5
    [ORDER_ID] => 3862
    [PAYMENT_ID] => 4003
    [PAYMENT] => RBS_CREDIT
)



CREDIT.PHP
----------------------------
DATE: 2020-06-03 10:26:19
DATA: 
Array
(
    [orderNumber] => 3905_4046_1591082683
    [mdOrder] => 3ef87720-d689-72b1-a829-12e501daecd5
    [ORDER_ID] => 3905
    [PAYMENT_ID] => 4046
    [PAYMENT] => RBS_CREDIT
)



CREDIT.PHP
----------------------------
DATE: 2020-06-10 10:09:36
DATA: 
Array
(
    [orderNumber] => 3950_4091_1591771445
    [mdOrder] => 8092d0c0-ba21-784d-82bc-c55901daecd5
    [ORDER_ID] => 3950
    [PAYMENT_ID] => 4091
    [PAYMENT] => RBS_CREDIT
)



CREDIT.PHP
----------------------------
DATE: 2020-06-21 09:44:28
DATA: 
Array
(
    [orderNumber] => 4099_4240_1592721703
    [mdOrder] => bd1c4ab0-cab6-7313-9e5a-1d8201daecd5
    [ORDER_ID] => 4099
    [PAYMENT_ID] => 4240
    [PAYMENT] => RBS_CREDIT
)



CREDIT.PHP
----------------------------
DATE: 2020-06-21 09:46:11
DATA: 
Array
(
    [orderNumber] => 4099_4240_1592721703
    [mdOrder] => bd1c4ab0-cab6-7313-9e5a-1d8201daecd5
    [ORDER_ID] => 4099
    [PAYMENT_ID] => 4240
    [PAYMENT] => RBS_CREDIT
)



CREDIT.PHP
----------------------------
DATE: 2020-06-21 09:55:54
DATA: 
Array
(
    [orderNumber] => 4064_4205_1592635852
    [mdOrder] => 333dbcae-f8fd-7b12-b165-69c001daecd5
    [ORDER_ID] => 4064
    [PAYMENT_ID] => 4205
    [PAYMENT] => RBS_CREDIT
)



CREDIT.PHP
----------------------------
DATE: 2020-06-21 18:31:56
DATA: 
Array
(
    [orderNumber] => 4101_4242_1592753171
    [mdOrder] => bba0d725-3134-74be-93db-b59c01daecd5
    [ORDER_ID] => 4101
    [PAYMENT_ID] => 4242
    [PAYMENT] => RBS_CREDIT
)



CREDIT.PHP
----------------------------
DATE: 2020-06-21 18:42:17
DATA: 
Array
(
    [orderNumber] => 4102_4243_1592754005
    [mdOrder] => 4a47c285-ef7b-7a14-8e97-048f01daecd5
    [ORDER_ID] => 4102
    [PAYMENT_ID] => 4243
    [PAYMENT] => RBS_CREDIT
)



CREDIT.PHP
----------------------------
DATE: 2020-06-22 08:05:34
DATA: 
Array
(
    [orderNumber] => 4099_4240_1592715716
    [mdOrder] => f3b467b4-dd4d-7746-92dc-ddaf01daecd5
    [ORDER_ID] => 4099
    [PAYMENT_ID] => 4240
    [PAYMENT] => RBS_CREDIT
)



CREDIT.PHP
----------------------------
DATE: 2020-06-24 11:20:58
DATA: 
Array
(
    [orderNumber] => 4120_4261_1592986335
    [mdOrder] => c552a933-e2bc-705a-ad39-436a01daecd5
    [ORDER_ID] => 4120
    [PAYMENT_ID] => 4261
    [PAYMENT] => RBS_CREDIT
)



CREDIT.PHP
----------------------------
DATE: 2020-06-25 17:01:15
DATA: 
Array
(
    [orderNumber] => 4130_4271_1593093392
    [mdOrder] => 0175f034-164d-7bd9-b2a5-ab1a01daecd5
    [ORDER_ID] => 4130
    [PAYMENT_ID] => 4271
    [PAYMENT] => RBS_CREDIT
)



CREDIT.PHP
----------------------------
DATE: 2020-06-25 22:51:00
DATA: 
Array
(
    [orderNumber] => 4120_4261_1592985795
    [mdOrder] => 9b16ae45-ed9c-7667-878a-cd8d01daecd5
    [ORDER_ID] => 4120
    [PAYMENT_ID] => 4261
    [PAYMENT] => RBS_CREDIT
)



CREDIT.PHP
----------------------------
DATE: 2020-07-09 04:55:11
DATA: 
Array
(
    [orderNumber] => 4246_4387_1594173122
    [mdOrder] => 9e5965f8-9f55-7f8a-9c8a-9f4201daecd5
    [ORDER_ID] => 4246
    [PAYMENT_ID] => 4387
    [PAYMENT] => RBS_CREDIT
)



CREDIT.PHP
----------------------------
DATE: 2020-07-12 08:10:23
DATA: 
Array
(
    [orderNumber] => 4264_4405_1594443965
    [mdOrder] => 88cdb2f7-6c90-7f91-a465-4f4601daecd5
    [ORDER_ID] => 4264
    [PAYMENT_ID] => 4405
    [PAYMENT] => RBS_CREDIT
)



CREDIT.PHP
----------------------------
DATE: 2020-07-12 08:10:25
DATA: 
Array
(
    [orderNumber] => 4264_4405_1594444096
    [mdOrder] => 62ba3971-76dc-7dd8-accd-726d01daecd5
    [ORDER_ID] => 4264
    [PAYMENT_ID] => 4405
    [PAYMENT] => RBS_CREDIT
)



CREDIT.PHP
----------------------------
DATE: 2020-07-15 22:55:59
DATA: 
Array
(
    [orderNumber] => 4289_4430_1594745046
    [mdOrder] => 219a01a2-310f-76cc-b254-125301daecd5
    [ORDER_ID] => 4289
    [PAYMENT_ID] => 4430
    [PAYMENT] => RBS_CREDIT
)



CREDIT.PHP
----------------------------
DATE: 2020-07-15 23:01:26
DATA: 
Array
(
    [orderNumber] => 4286_4427_1594722518
    [mdOrder] => 7c232a9f-d412-777a-a083-277601daecd5
    [ORDER_ID] => 4286
    [PAYMENT_ID] => 4427
    [PAYMENT] => RBS_CREDIT
)



CREDIT.PHP
----------------------------
DATE: 2020-07-15 23:01:31
DATA: 
Array
(
    [orderNumber] => 4286_4427_1594721709
    [mdOrder] => 9b857782-f114-7d49-828c-ba2a01daecd5
    [ORDER_ID] => 4286
    [PAYMENT_ID] => 4427
    [PAYMENT] => RBS_CREDIT
)



CREDIT.PHP
----------------------------
DATE: 2020-07-15 23:01:31
DATA: 
Array
(
    [orderNumber] => 4286_4427_1594721520
    [mdOrder] => 3fb04779-3490-7629-a3ff-6e1501daecd5
    [ORDER_ID] => 4286
    [PAYMENT_ID] => 4427
    [PAYMENT] => RBS_CREDIT
)



CREDIT.PHP
----------------------------
DATE: 2020-07-22 06:00:20
DATA: 
Array
(
    [orderNumber] => 4318_4459_1595300315
    [mdOrder] => 3468404a-dab6-7a6f-8f92-d1ef01daecd5
    [ORDER_ID] => 4318
    [PAYMENT_ID] => 4459
    [PAYMENT] => RBS_CREDIT
)



CREDIT.PHP
----------------------------
DATE: 2020-07-25 01:26:35
DATA: 
Array
(
    [orderNumber] => 4330_4471_1595495506
    [mdOrder] => ac342dc1-16ba-7ce3-93d7-82fa01daecd5
    [ORDER_ID] => 4330
    [PAYMENT_ID] => 4471
    [PAYMENT] => RBS_CREDIT
)



CREDIT.PHP
----------------------------
DATE: 2020-08-01 16:18:40
DATA: 
Array
(
    [orderNumber] => 4385_4526_1596287725
    [mdOrder] => 3ba7db21-dbfd-715a-a1fd-a6ae01daecd5
    [ORDER_ID] => 4385
    [PAYMENT_ID] => 4526
    [PAYMENT] => RBS_CREDIT
)



CREDIT.PHP
----------------------------
DATE: 2020-08-03 13:32:44
DATA: 
Array
(
    [orderNumber] => 4394_4535_1596450507
    [mdOrder] => e17fcc3b-d4e8-75f7-a41e-b85501daecd5
    [ORDER_ID] => 4394
    [PAYMENT_ID] => 4535
    [PAYMENT] => RBS_CREDIT
)



CREDIT.PHP
----------------------------
DATE: 2020-08-04 05:35:18
DATA: 
Array
(
    [orderNumber] => 4392_4533_1596421824
    [mdOrder] => 055e408a-f9e1-7038-ae3f-cb9301daecd5
    [ORDER_ID] => 4392
    [PAYMENT_ID] => 4533
    [PAYMENT] => RBS_CREDIT
)



CREDIT.PHP
----------------------------
DATE: 2020-08-05 12:17:50
DATA: 
Array
(
    [orderNumber] => 4397_4538_1596618465
    [mdOrder] => c32aa845-2539-721e-b551-c43d01daecd5
    [ORDER_ID] => 4397
    [PAYMENT_ID] => 4538
    [PAYMENT] => RBS_CREDIT
)



CREDIT.PHP
----------------------------
DATE: 2020-08-08 10:20:12
DATA: 
Array
(
    [orderNumber] => 4408_4549_1596870518
    [mdOrder] => c1cc2bd0-c2d3-7c20-bcdc-2ec001daecd5
    [ORDER_ID] => 4408
    [PAYMENT_ID] => 4549
    [PAYMENT] => RBS_CREDIT
)



CREDIT.PHP
----------------------------
DATE: 2020-08-09 14:48:13
DATA: 
Array
(
    [orderNumber] => 4411_4552_1596939967
    [mdOrder] => 8c779497-8922-74a6-9b9c-644601daecd5
    [ORDER_ID] => 4411
    [PAYMENT_ID] => 4552
    [PAYMENT] => RBS_CREDIT
)



CREDIT.PHP
----------------------------
DATE: 2020-08-10 05:25:21
DATA: 
Array
(
    [orderNumber] => 4411_4552_1596939920
    [mdOrder] => 3d226586-3b7c-7fb2-b859-6dc701daecd5
    [ORDER_ID] => 4411
    [PAYMENT_ID] => 4552
    [PAYMENT] => RBS_CREDIT
)



CREDIT.PHP
----------------------------
DATE: 2020-08-30 09:25:59
DATA: 
Array
(
    [orderNumber] => 4484_4625_1598768365
    [mdOrder] => e3a0b181-0711-79cb-8c33-ac8701daecd5
    [ORDER_ID] => 4484
    [PAYMENT_ID] => 4625
    [PAYMENT] => RBS_CREDIT
)



CREDIT.PHP
----------------------------
DATE: 2020-09-03 02:30:23
DATA: 
Array
(
    [orderNumber] => 4505_4646_1599086964
    [mdOrder] => 6645f807-6afa-74a7-8a92-6ea201daecd5
    [ORDER_ID] => 4505
    [PAYMENT_ID] => 4646
    [PAYMENT] => RBS_CREDIT
)



CREDIT.PHP
----------------------------
DATE: 2020-09-06 09:13:46
DATA: 
Array
(
    [orderNumber] => 4524_4665_1599372530
    [mdOrder] => f7deec83-8547-7762-a813-a54401daecd5
    [ORDER_ID] => 4524
    [PAYMENT_ID] => 4665
    [PAYMENT] => RBS_CREDIT
)



CREDIT.PHP
----------------------------
DATE: 2020-09-06 09:27:18
DATA: 
Array
(
    [orderNumber] => 4524_4665_1599373118
    [mdOrder] => 775ed862-4da8-7643-aeba-4e9201daecd5
    [ORDER_ID] => 4524
    [PAYMENT_ID] => 4665
    [PAYMENT] => RBS_CREDIT
)



CREDIT.PHP
----------------------------
DATE: 2020-09-09 13:05:22
DATA: 
Array
(
    [orderNumber] => 4552_4693_1599642721
    [mdOrder] => 80f9ffad-2d8a-7314-b244-e68f01daecd5
    [ORDER_ID] => 4552
    [PAYMENT_ID] => 4693
    [PAYMENT] => RBS_CREDIT
)



CREDIT.PHP
----------------------------
DATE: 2020-09-10 00:41:06
DATA: 
Array
(
    [orderNumber] => 4543_4684_1599575054
    [mdOrder] => 60330ed2-adf4-79dd-a858-b92a01daecd5
    [ORDER_ID] => 4543
    [PAYMENT_ID] => 4684
    [PAYMENT] => RBS_CREDIT
)



CREDIT.PHP
----------------------------
DATE: 2020-09-11 02:31:00
DATA: 
Array
(
    [orderNumber] => 4552_4693_1599642698
    [mdOrder] => e1788eb7-9721-76f5-9098-09c801daecd5
    [ORDER_ID] => 4552
    [PAYMENT_ID] => 4693
    [PAYMENT] => RBS_CREDIT
)



CREDIT.PHP
----------------------------
DATE: 2020-09-18 06:47:14
DATA: 
Array
(
    [orderNumber] => 4596_4737_1600399821
    [mdOrder] => 57fba5b4-5fdd-7344-99be-066801daecd5
    [ORDER_ID] => 4596
    [PAYMENT_ID] => 4737
    [PAYMENT] => RBS_CREDIT
)



CREDIT.PHP
----------------------------
DATE: 2020-09-22 04:48:23
DATA: 
Array
(
    [orderNumber] => 4617_4758_1600739133
    [mdOrder] => fbe1e81a-71ce-7926-bb46-530f01daecd5
    [ORDER_ID] => 4617
    [PAYMENT_ID] => 4758
    [PAYMENT] => RBS_CREDIT
)



CREDIT.PHP
----------------------------
DATE: 2020-09-26 13:10:05
DATA: 
Array
(
    [orderNumber] => 4644_4785_1601028573
    [mdOrder] => 61695e62-5e77-7eda-af7d-54d601daecd5
    [ORDER_ID] => 4644
    [PAYMENT_ID] => 4785
    [PAYMENT] => RBS_CREDIT
)



CREDIT.PHP
----------------------------
DATE: 2020-09-26 13:30:03
DATA: 
Array
(
    [orderNumber] => 4645_4786_1601029672
    [mdOrder] => 31a4a165-0ee0-7c32-b8d9-9cf501daecd5
    [ORDER_ID] => 4645
    [PAYMENT_ID] => 4786
    [PAYMENT] => RBS_CREDIT
)



CREDIT.PHP
----------------------------
DATE: 2020-09-29 09:59:17
DATA: 
Array
(
    [orderNumber] => 4688_4829_1601362141
    [mdOrder] => 4d2962fd-380f-7da3-85d1-d3bd01daecd5
    [ORDER_ID] => 4688
    [PAYMENT_ID] => 4829
    [PAYMENT] => RBS_CREDIT
)



CREDIT.PHP
----------------------------
DATE: 2020-10-01 07:02:44
DATA: 
Array
(
    [orderNumber] => 4698_4839_1601524274
    [mdOrder] => c042533b-0797-7876-bdf0-816901daecd5
    [ORDER_ID] => 4698
    [PAYMENT_ID] => 4839
    [PAYMENT] => RBS_CREDIT
)



CREDIT.PHP
----------------------------
DATE: 2020-10-02 10:29:14
DATA: 
Array
(
    [orderNumber] => 4710_4851_1601623511
    [mdOrder] => eb241a3d-712f-778a-8dfc-34b701daecd5
    [ORDER_ID] => 4710
    [PAYMENT_ID] => 4851
    [PAYMENT] => RBS_CREDIT
)



CREDIT.PHP
----------------------------
DATE: 2020-10-02 10:39:23
DATA: 
Array
(
    [orderNumber] => 4711_4852_1601624101
    [mdOrder] => a1af7af4-fac7-75ce-867d-bbd001daecd5
    [ORDER_ID] => 4711
    [PAYMENT_ID] => 4852
    [PAYMENT] => RBS_CREDIT
)



CREDIT.PHP
----------------------------
DATE: 2020-10-02 11:05:04
DATA: 
Array
(
    [orderNumber] => 4701_4842_1601539475
    [mdOrder] => f3c6b666-5b2f-7d85-9054-9cee01daecd5
    [ORDER_ID] => 4701
    [PAYMENT_ID] => 4842
    [PAYMENT] => RBS_CREDIT
)



CREDIT.PHP
----------------------------
DATE: 2020-10-02 11:35:03
DATA: 
Array
(
    [orderNumber] => 4701_4842_1601541074
    [mdOrder] => 67e07f7e-efa7-7e66-9816-fd1101daecd5
    [ORDER_ID] => 4701
    [PAYMENT_ID] => 4842
    [PAYMENT] => RBS_CREDIT
)



CREDIT.PHP
----------------------------
DATE: 2020-10-05 16:13:06
DATA: 
Array
(
    [orderNumber] => 4753_4894_1601903333
    [mdOrder] => 180cfaf8-e020-7766-857e-8dfb01daecd5
    [ORDER_ID] => 4753
    [PAYMENT_ID] => 4894
    [PAYMENT] => RBS_CREDIT
)



CREDIT.PHP
----------------------------
DATE: 2020-10-06 16:09:47
DATA: 
Array
(
    [orderNumber] => 4767_4908_1601988230
    [mdOrder] => 4afbc49b-ab1a-7103-91e4-769001daecd5
    [ORDER_ID] => 4767
    [PAYMENT_ID] => 4908
    [PAYMENT] => RBS_CREDIT
)



CREDIT.PHP
----------------------------
DATE: 2020-10-07 00:10:01
DATA: 
Array
(
    [orderNumber] => 4757_4898_1601932070
    [mdOrder] => e49f0a29-f2d1-747c-bd52-20ca01daecd5
    [ORDER_ID] => 4757
    [PAYMENT_ID] => 4898
    [PAYMENT] => RBS_CREDIT
)



CREDIT.PHP
----------------------------
DATE: 2020-10-07 13:43:18
DATA: 
Array
(
    [orderNumber] => 4782_4923_1602067164
    [mdOrder] => 09018cb2-f02e-7502-9cd3-767001daecd5
    [ORDER_ID] => 4782
    [PAYMENT_ID] => 4923
    [PAYMENT] => RBS_CREDIT
)



CREDIT.PHP
----------------------------
DATE: 2020-10-07 15:40:09
DATA: 
Array
(
    [orderNumber] => 4767_4908_1601987833
    [mdOrder] => f2ec28c9-171e-71c6-99cc-c4b001daecd5
    [ORDER_ID] => 4767
    [PAYMENT_ID] => 4908
    [PAYMENT] => RBS_CREDIT
)



CREDIT.PHP
----------------------------
DATE: 2020-10-07 15:45:07
DATA: 
Array
(
    [orderNumber] => 4767_4908_1601988097
    [mdOrder] => 8111dd07-86e3-7902-8935-66b301daecd5
    [ORDER_ID] => 4767
    [PAYMENT_ID] => 4908
    [PAYMENT] => RBS_CREDIT
)



CREDIT.PHP
----------------------------
DATE: 2020-10-07 15:58:58
DATA: 
Array
(
    [orderNumber] => 4784_4925_1602073021
    [mdOrder] => e869a645-3ef8-76eb-b2e1-b4b601daecd5
    [ORDER_ID] => 4784
    [PAYMENT_ID] => 4925
    [PAYMENT] => RBS_CREDIT
)



CREDIT.PHP
----------------------------
DATE: 2020-10-08 02:05:29
DATA: 
Array
(
    [orderNumber] => 4787_4928_1602111565
    [mdOrder] => aa741f0e-95f6-7aac-97de-cadc01daecd5
    [ORDER_ID] => 4787
    [PAYMENT_ID] => 4928
    [PAYMENT] => RBS_CREDIT
)



CREDIT.PHP
----------------------------
DATE: 2020-10-09 05:25:06
DATA: 
Array
(
    [orderNumber] => 4791_4932_1602123826
    [mdOrder] => 95ba6d08-f90c-7194-b871-bddb01daecd5
    [ORDER_ID] => 4791
    [PAYMENT_ID] => 4932
    [PAYMENT] => RBS_CREDIT
)



CREDIT.PHP
----------------------------
DATE: 2020-10-09 19:26:13
DATA: 
Array
(
    [orderNumber] => 4818_4959_1602260271
    [mdOrder] => 91ac2e99-d50c-7019-831e-bbc001daecd5
    [ORDER_ID] => 4818
    [PAYMENT_ID] => 4959
    [PAYMENT] => RBS_CREDIT
)



CREDIT.PHP
----------------------------
DATE: 2020-10-14 02:38:48
DATA: 
Array
(
    [orderNumber] => 4886_5027_1602632059
    [mdOrder] => 58c5203c-fede-7403-b161-910801daecd5
    [ORDER_ID] => 4886
    [PAYMENT_ID] => 5027
    [PAYMENT] => RBS_CREDIT
)



CREDIT.PHP
----------------------------
DATE: 2020-10-16 03:55:19
DATA: 
Array
(
    [orderNumber] => 4915_5056_1602723309
    [mdOrder] => 59a578d9-69a7-7f4d-a22f-7e7101daecd5
    [ORDER_ID] => 4915
    [PAYMENT_ID] => 5056
    [PAYMENT] => RBS_CREDIT
)



CREDIT.PHP
----------------------------
DATE: 2020-10-16 08:20:02
DATA: 
Array
(
    [orderNumber] => 4922_5063_1602739067
    [mdOrder] => 95240d88-9b80-75dd-81e7-6bdd01daecd5
    [ORDER_ID] => 4922
    [PAYMENT_ID] => 5063
    [PAYMENT] => RBS_CREDIT
)



CREDIT.PHP
----------------------------
DATE: 2020-10-16 08:20:36
DATA: 
Array
(
    [orderNumber] => 4942_5083_1602824966
    [mdOrder] => 640cc036-11db-73b6-8c9c-6b7601daecd5
    [ORDER_ID] => 4942
    [PAYMENT_ID] => 5083
    [PAYMENT] => RBS_CREDIT
)



CREDIT.PHP
----------------------------
DATE: 2020-10-16 09:23:16
DATA: 
Array
(
    [orderNumber] => 4945_5086_1602829044
    [mdOrder] => fbf4e4f7-fe26-7047-883e-199001daecd5
    [ORDER_ID] => 4945
    [PAYMENT_ID] => 5086
    [PAYMENT] => RBS_CREDIT
)



CREDIT.PHP
----------------------------
DATE: 2020-10-16 12:28:44
DATA: 
Array
(
    [orderNumber] => 4948_5089_1602840299
    [mdOrder] => 8f679b52-5486-7a50-8fd7-b70901daecd5
    [ORDER_ID] => 4948
    [PAYMENT_ID] => 5089
    [PAYMENT] => RBS_CREDIT
)



CREDIT.PHP
----------------------------
DATE: 2020-10-17 12:20:09
DATA: 
Array
(
    [orderNumber] => 4948_5089_1602839893
    [mdOrder] => 30d0ffd9-e8b5-73db-9827-fa1601daecd5
    [ORDER_ID] => 4948
    [PAYMENT_ID] => 5089
    [PAYMENT] => RBS_CREDIT
)



CREDIT.PHP
----------------------------
DATE: 2020-10-18 04:50:01
DATA: 
Array
(
    [orderNumber] => 4961_5102_1602899370
    [mdOrder] => cdb9dc1f-5a24-79ec-8f1d-a82401daecd5
    [ORDER_ID] => 4961
    [PAYMENT_ID] => 5102
    [PAYMENT] => RBS_CREDIT
)



CREDIT.PHP
----------------------------
DATE: 2020-10-18 05:10:01
DATA: 
Array
(
    [orderNumber] => 4961_5102_1602900466
    [mdOrder] => 4626ad35-65b6-7404-a4b0-c17a01daecd5
    [ORDER_ID] => 4961
    [PAYMENT_ID] => 5102
    [PAYMENT] => RBS_CREDIT
)



CREDIT.PHP
----------------------------
DATE: 2020-10-18 05:20:01
DATA: 
Array
(
    [orderNumber] => 4961_5102_1602901008
    [mdOrder] => 9e73e36f-4194-77dd-8e86-a0bb01daecd5
    [ORDER_ID] => 4961
    [PAYMENT_ID] => 5102
    [PAYMENT] => RBS_CREDIT
)



CREDIT.PHP
----------------------------
DATE: 2020-10-18 05:40:01
DATA: 
Array
(
    [orderNumber] => 4961_5102_1602902227
    [mdOrder] => a5af6c3b-2fa5-70f2-8d33-d99a01daecd5
    [ORDER_ID] => 4961
    [PAYMENT_ID] => 5102
    [PAYMENT] => RBS_CREDIT
)



CREDIT.PHP
----------------------------
DATE: 2020-10-18 06:15:41
DATA: 
Array
(
    [orderNumber] => 4976_5117_1602989699
    [mdOrder] => c4dd9a8c-c525-7ab3-b1a2-3cae01daecd5
    [ORDER_ID] => 4976
    [PAYMENT_ID] => 5117
    [PAYMENT] => RBS_CREDIT
)



CREDIT.PHP
----------------------------
DATE: 2020-10-19 05:30:00
DATA: 
Array
(
    [orderNumber] => 4974_5115_1602987954
    [mdOrder] => 7144aaf1-40c2-780a-a001-09a101daecd5
    [ORDER_ID] => 4974
    [PAYMENT_ID] => 5115
    [PAYMENT] => RBS_CREDIT
)



CREDIT.PHP
----------------------------
DATE: 2020-10-19 11:33:01
DATA: 
Array
(
    [orderNumber] => 4993_5134_1603096169
    [mdOrder] => 66705083-350d-7106-90cc-765501daecd5
    [ORDER_ID] => 4993
    [PAYMENT_ID] => 5134
    [PAYMENT] => RBS_CREDIT
)



CREDIT.PHP
----------------------------
DATE: 2020-10-21 18:33:40
DATA: 
Array
(
    [orderNumber] => 5017_5158_1603294144
    [mdOrder] => 4001bbb6-7c7a-74fe-96af-b61d01daecd5
    [ORDER_ID] => 5017
    [PAYMENT_ID] => 5158
    [PAYMENT] => RBS_CREDIT
)



CREDIT.PHP
----------------------------
DATE: 2020-10-22 15:20:07
DATA: 
Array
(
    [orderNumber] => 5016_5157_1603282751
    [mdOrder] => 5c02c5d0-9ba1-7c6f-8207-790601daecd5
    [ORDER_ID] => 5016
    [PAYMENT_ID] => 5157
    [PAYMENT] => RBS_CREDIT
)



CREDIT.PHP
----------------------------
DATE: 2020-10-22 15:45:06
DATA: 
Array
(
    [orderNumber] => 5016_5157_1603284261
    [mdOrder] => f357b7d9-5ac3-7baa-b741-e21e01daecd5
    [ORDER_ID] => 5016
    [PAYMENT_ID] => 5157
    [PAYMENT] => RBS_CREDIT
)



CREDIT.PHP
----------------------------
DATE: 2020-10-22 17:24:40
DATA: 
Array
(
    [orderNumber] => 5030_5171_1603376416
    [mdOrder] => dc7fa6da-97a2-72de-9d8b-41d401daecd5
    [ORDER_ID] => 5030
    [PAYMENT_ID] => 5171
    [PAYMENT] => RBS_CREDIT
)



CREDIT.PHP
----------------------------
DATE: 2020-10-25 16:18:46
DATA: 
Array
(
    [orderNumber] => 5063_5204_1603630498
    [mdOrder] => e7dfbf95-f03c-7680-ba6a-de5801daecd5
    [ORDER_ID] => 5063
    [PAYMENT_ID] => 5204
    [PAYMENT] => RBS_CREDIT
)



CREDIT.PHP
----------------------------
DATE: 2020-10-26 09:31:05
DATA: 
Array
(
    [orderNumber] => 5077_5218_1603693427
    [mdOrder] => df3e587a-c6e3-7f0f-a2ac-227401daecd5
    [ORDER_ID] => 5077
    [PAYMENT_ID] => 5218
    [PAYMENT] => RBS_CREDIT
)



CREDIT.PHP
----------------------------
DATE: 2020-10-26 10:23:05
DATA: 
Array
(
    [orderNumber] => 5077_5218_1603693427
    [mdOrder] => df3e587a-c6e3-7f0f-a2ac-227401daecd5
    [ORDER_ID] => 5077
    [PAYMENT_ID] => 5218
    [PAYMENT] => RBS_CREDIT
)



CREDIT.PHP
----------------------------
DATE: 2020-10-26 15:30:05
DATA: 
Array
(
    [orderNumber] => 5063_5204_1603628826
    [mdOrder] => 968067d7-df64-72aa-9620-6b3801daecd5
    [ORDER_ID] => 5063
    [PAYMENT_ID] => 5204
    [PAYMENT] => RBS_CREDIT
)



CREDIT.PHP
----------------------------
DATE: 2020-11-01 11:02:36
DATA: 
Array
(
    [orderNumber] => 5125_5266_1604216861
    [mdOrder] => e553467b-8877-7196-847e-9f4301daecd5
    [ORDER_ID] => 5125
    [PAYMENT_ID] => 5266
    [PAYMENT] => RBS_CREDIT
)



CREDIT.PHP
----------------------------
DATE: 2020-11-02 04:40:12
DATA: 
Array
(
    [orderNumber] => 5132_5273_1604280536
    [mdOrder] => 8c48fd2a-0c7a-7c84-926f-31f801daecd5
    [ORDER_ID] => 5132
    [PAYMENT_ID] => 5273
    [PAYMENT] => RBS_CREDIT
)



CREDIT.PHP
----------------------------
DATE: 2020-11-02 20:27:56
DATA: 
Array
(
    [orderNumber] => 5138_5279_1604337489
    [mdOrder] => 0ba3410f-1288-747f-8313-9dee01daecd5
    [ORDER_ID] => 5138
    [PAYMENT_ID] => 5279
    [PAYMENT] => RBS_CREDIT
)



CREDIT.PHP
----------------------------
DATE: 2020-11-03 08:28:28
DATA: 
Array
(
    [orderNumber] => 5146_5287_1604380807
    [mdOrder] => 37f07389-a7e4-7dbb-82ee-5f5701daecd5
    [ORDER_ID] => 5146
    [PAYMENT_ID] => 5287
    [PAYMENT] => RBS_CREDIT
)



CREDIT.PHP
----------------------------
DATE: 2020-11-06 03:14:11
DATA: 
Array
(
    [orderNumber] => 5170_5311_1604620856
    [mdOrder] => 6998d554-7ba5-79ac-8d13-c59901daecd5
    [ORDER_ID] => 5170
    [PAYMENT_ID] => 5311
    [PAYMENT] => RBS_CREDIT
)



CREDIT.PHP
----------------------------
DATE: 2020-11-06 06:15:13
DATA: 
Array
(
    [orderNumber] => 5162_5303_1604545963
    [mdOrder] => 0c15abd3-8562-7726-b69a-f2f301daecd5
    [ORDER_ID] => 5162
    [PAYMENT_ID] => 5303
    [PAYMENT] => RBS_CREDIT
)



CREDIT.PHP
----------------------------
DATE: 2020-11-06 10:14:29
DATA: 
Array
(
    [orderNumber] => 5174_5315_1604646004
    [mdOrder] => a3748d5d-779c-7e2f-8d60-c7ca01daecd5
    [ORDER_ID] => 5174
    [PAYMENT_ID] => 5315
    [PAYMENT] => RBS_CREDIT
)



CREDIT.PHP
----------------------------
DATE: 2020-11-08 03:15:10
DATA: 
Array
(
    [orderNumber] => 5177_5318_1604707911
    [mdOrder] => b938c76a-628a-7b96-8625-86eb01daecd5
    [ORDER_ID] => 5177
    [PAYMENT_ID] => 5318
    [PAYMENT] => RBS_CREDIT
)



CREDIT.PHP
----------------------------
DATE: 2020-11-08 05:20:11
DATA: 
Array
(
    [orderNumber] => 5179_5320_1604715369
    [mdOrder] => 515217c8-9c38-727e-9077-509b01daecd5
    [ORDER_ID] => 5179
    [PAYMENT_ID] => 5320
    [PAYMENT] => RBS_CREDIT
)



CREDIT.PHP
----------------------------
DATE: 2020-11-08 06:44:44
DATA: 
Array
(
    [orderNumber] => 5189_5330_1604806534
    [mdOrder] => aa63aeb9-6c65-762f-9d33-659b01daecd5
    [ORDER_ID] => 5189
    [PAYMENT_ID] => 5330
    [PAYMENT] => RBS_CREDIT
)



CREDIT.PHP
----------------------------
DATE: 2020-11-09 09:15:13
DATA: 
Array
(
    [orderNumber] => 5191_5332_1604816108
    [mdOrder] => ebab5d3d-fdd7-7875-ac27-d3ad01daecd5
    [ORDER_ID] => 5191
    [PAYMENT_ID] => 5332
    [PAYMENT] => RBS_CREDIT
)



CREDIT.PHP
----------------------------
DATE: 2020-11-09 13:00:17
DATA: 
Array
(
    [orderNumber] => 5196_5337_1604895929
    [mdOrder] => 6ddf4d21-6af4-721d-9597-1ae801daecd5
    [ORDER_ID] => 5196
    [PAYMENT_ID] => 5337
    [PAYMENT] => RBS_CREDIT
)



CREDIT.PHP
----------------------------
DATE: 2020-11-09 14:20:12
DATA: 
Array
(
    [orderNumber] => 5193_5334_1604834358
    [mdOrder] => f22b9c92-ca7f-79bd-858a-49e101daecd5
    [ORDER_ID] => 5193
    [PAYMENT_ID] => 5334
    [PAYMENT] => RBS_CREDIT
)



CREDIT.PHP
----------------------------
DATE: 2020-11-10 03:40:12
DATA: 
Array
(
    [orderNumber] => 5195_5336_1604882205
    [mdOrder] => 575761d0-4c4d-7b54-9f3b-a82301daecd5
    [ORDER_ID] => 5195
    [PAYMENT_ID] => 5336
    [PAYMENT] => RBS_CREDIT
)



CREDIT.PHP
----------------------------
DATE: 2020-11-10 06:20:34
DATA: 
Array
(
    [orderNumber] => 5207_5348_1604977994
    [mdOrder] => 534c8f92-0246-72c3-839c-cd7401daecd5
    [ORDER_ID] => 5207
    [PAYMENT_ID] => 5348
    [PAYMENT] => RBS_CREDIT
)



CREDIT.PHP
----------------------------
DATE: 2020-11-10 07:33:24
DATA: 
Array
(
    [orderNumber] => 5209_5350_1604982466
    [mdOrder] => af802678-35fc-7200-824c-a90801daecd5
    [ORDER_ID] => 5209
    [PAYMENT_ID] => 5350
    [PAYMENT] => RBS_CREDIT
)



CREDIT.PHP
----------------------------
DATE: 2020-11-10 07:50:29
DATA: 
Array
(
    [orderNumber] => 5196_5337_1604897423
    [mdOrder] => ef17d260-9fff-70a1-9eb0-916c01daecd5
    [ORDER_ID] => 5196
    [PAYMENT_ID] => 5337
    [PAYMENT] => RBS_CREDIT
)



CREDIT.PHP
----------------------------
DATE: 2020-11-11 06:05:13
DATA: 
Array
(
    [orderNumber] => 5207_5348_1604977354
    [mdOrder] => 708d17ed-cf0c-7690-86ee-d29b01daecd5
    [ORDER_ID] => 5207
    [PAYMENT_ID] => 5348
    [PAYMENT] => RBS_CREDIT
)



CREDIT.PHP
----------------------------
DATE: 2020-11-11 07:25:15
DATA: 
Array
(
    [orderNumber] => 5209_5350_1604982265
    [mdOrder] => 66530e59-f0d0-7f0c-a94c-f66601daecd5
    [ORDER_ID] => 5209
    [PAYMENT_ID] => 5350
    [PAYMENT] => RBS_CREDIT
)



CREDIT.PHP
----------------------------
DATE: 2020-11-12 03:27:22
DATA: 
Array
(
    [orderNumber] => 5231_5372_1605140423
    [mdOrder] => aa4cd382-b99d-7e27-9ec3-7d4301daecd5
    [ORDER_ID] => 5231
    [PAYMENT_ID] => 5372
    [PAYMENT] => RBS_CREDIT
)



CREDIT.PHP
----------------------------
DATE: 2020-11-15 15:55:21
DATA: 
Array
(
    [orderNumber] => 5244_5385_1605358401
    [mdOrder] => 27c39d52-11cd-7306-a831-9f4c01daecd5
    [ORDER_ID] => 5244
    [PAYMENT_ID] => 5385
    [PAYMENT] => RBS_CREDIT
)



CREDIT.PHP
----------------------------
DATE: 2020-11-16 04:10:16
DATA: 
Array
(
    [orderNumber] => 5246_5387_1605402592
    [mdOrder] => dbe5a984-413d-7074-95c9-ff1801daecd5
    [ORDER_ID] => 5246
    [PAYMENT_ID] => 5387
    [PAYMENT] => RBS_CREDIT
)



CREDIT.PHP
----------------------------
DATE: 2020-11-16 04:25:17
DATA: 
Array
(
    [orderNumber] => 5246_5387_1605403356
    [mdOrder] => 7abf0e18-82ff-7c73-8880-b55201daecd5
    [ORDER_ID] => 5246
    [PAYMENT_ID] => 5387
    [PAYMENT] => RBS_CREDIT
)



CREDIT.PHP
----------------------------
DATE: 2020-11-16 08:21:00
DATA: 
Array
(
    [orderNumber] => 5209_5350_1604982466
    [mdOrder] => af802678-35fc-7200-824c-a90801daecd5
    [ORDER_ID] => 5209
    [PAYMENT_ID] => 5350
    [PAYMENT] => RBS_CREDIT
)



CREDIT.PHP
----------------------------
DATE: 2020-11-19 05:33:02
DATA: 
Array
(
    [orderNumber] => 5263_5404_1605752838
    [mdOrder] => 2a84cee1-1ca5-7a1f-8c3f-5c2e01daecd5
    [ORDER_ID] => 5263
    [PAYMENT_ID] => 5404
    [PAYMENT] => RBS_CREDIT
)



CREDIT.PHP
----------------------------
DATE: 2020-11-21 10:10:22
DATA: 
Array
(
    [orderNumber] => 5268_5409_1605856209
    [mdOrder] => d7109b94-7963-777b-a46f-fef901daecd5
    [ORDER_ID] => 5268
    [PAYMENT_ID] => 5409
    [PAYMENT] => RBS_CREDIT
)



CREDIT.PHP
----------------------------
DATE: 2020-11-24 18:55:27
DATA: 
Array
(
    [orderNumber] => 5281_5422_1606146782
    [mdOrder] => 81d1b3fd-8061-7c76-bf03-eed301daecd5
    [ORDER_ID] => 5281
    [PAYMENT_ID] => 5422
    [PAYMENT] => RBS_CREDIT
)



CREDIT.PHP
----------------------------
DATE: 2020-11-25 08:49:33
DATA: 
Array
(
    [orderNumber] => 5294_5435_1606282741
    [mdOrder] => 5c4d6d99-e898-7a24-a8fe-1ccd01daecd5
    [ORDER_ID] => 5294
    [PAYMENT_ID] => 5435
    [PAYMENT] => RBS_CREDIT
)



CREDIT.PHP
----------------------------
DATE: 2020-11-25 13:06:07
DATA: 
Array
(
    [orderNumber] => 5296_5437_1606298453
    [mdOrder] => f3db0567-e521-777d-bd45-fe5601daecd5
    [ORDER_ID] => 5296
    [PAYMENT_ID] => 5437
    [PAYMENT] => RBS_CREDIT
)



CREDIT.PHP
----------------------------
DATE: 2020-12-17 13:31:09
DATA: 
Array
(
    [orderNumber] => 5363_5504_1608200911
    [mdOrder] => 249392cf-45d4-72a8-bcbf-f15001daecd5
    [ORDER_ID] => 5363
    [PAYMENT_ID] => 5504
    [PAYMENT] => RBS_CREDIT
)



CREDIT.PHP
----------------------------
DATE: 2020-12-19 10:20:01
DATA: 
Array
(
    [orderNumber] => 5370_5511_1608362176
    [mdOrder] => 872fcfae-6362-7b93-b333-f8d601daecd5
    [ORDER_ID] => 5370
    [PAYMENT_ID] => 5511
    [PAYMENT] => RBS_CREDIT
)



CREDIT.PHP
----------------------------
DATE: 2020-12-19 10:26:38
DATA: 
Array
(
    [orderNumber] => 5370_5511_1608362042
    [mdOrder] => 9524d1fe-644d-7ed5-afcf-661901daecd5
    [ORDER_ID] => 5370
    [PAYMENT_ID] => 5511
    [PAYMENT] => RBS_CREDIT
)



CREDIT.PHP
----------------------------
DATE: 2020-12-20 10:15:45
DATA: 
Array
(
    [orderNumber] => 5370_5511_1608362024
    [mdOrder] => d14950a3-ea09-7f82-8b53-56e701daecd5
    [ORDER_ID] => 5370
    [PAYMENT_ID] => 5511
    [PAYMENT] => RBS_CREDIT
)



CREDIT.PHP
----------------------------
DATE: 2020-12-28 15:11:09
DATA: 
Array
(
    [orderNumber] => 5411_5552_1609071051
    [mdOrder] => 8e8d4e34-5f4b-7017-811e-93c001daecd5
    [ORDER_ID] => 5411
    [PAYMENT_ID] => 5552
    [PAYMENT] => RBS_CREDIT
)



CREDIT.PHP
----------------------------
DATE: 2020-12-30 04:30:48
DATA: 
Array
(
    [orderNumber] => 5421_5562_1609205237
    [mdOrder] => 3227fe08-9e1e-76df-b42d-e69c01daecd5
    [ORDER_ID] => 5421
    [PAYMENT_ID] => 5562
    [PAYMENT] => RBS_CREDIT
)



CREDIT.PHP
----------------------------
DATE: 2020-12-30 04:30:50
DATA: 
Array
(
    [orderNumber] => 5421_5562_1609205267
    [mdOrder] => 39a099d0-6a6d-71fa-9b4b-d28401daecd5
    [ORDER_ID] => 5421
    [PAYMENT_ID] => 5562
    [PAYMENT] => RBS_CREDIT
)



CREDIT.PHP
----------------------------
DATE: 2020-12-30 09:35:51
DATA: 
Array
(
    [orderNumber] => 5418_5559_1609223662
    [mdOrder] => 19d04723-380c-77b3-b0a5-b19a01daecd5
    [ORDER_ID] => 5418
    [PAYMENT_ID] => 5559
    [PAYMENT] => RBS_CREDIT
)



